<?xml version="1.0" encoding="UTF-8"?>
<!-- Generated by org.testng.reporters.JUnitXMLReporter -->
<testsuite hostname="TUSTX002MLVT01F" name="yahoo" tests="1" failures="1" timestamp="22 Oct 2015 06:27:21 GMT" time="3.689" errors="0">
  <testcase name="testyahoo" time="3.674" classname="Test.A_2">
    <failure type="java.lang.NullPointerException">
      <![CDATA[java.lang.NullPointerException
	at Test.chrome.closing(chrome.java:28)
	at Test.A_2.testyahoo(A_2.java:19)
	at org.apache.maven.surefire.testng.TestNGExecutor.run(TestNGExecutor.java:73)
	at org.apache.maven.surefire.testng.TestNGXmlTestSuite.execute(TestNGXmlTestSuite.java:94)
	at org.apache.maven.surefire.Surefire.run(Surefire.java:169)
	at org.apache.maven.surefire.booter.SurefireBooter.runSuitesInProcess(SurefireBooter.java:350)
	at org.apache.maven.surefire.booter.SurefireBooter.main(SurefireBooter.java:1021)
... Removed 25 stack frames]]>
    </failure>
  </testcase>
</testsuite>
